health-application-main/health-application-main/app/build/intermediates/manifest_merge_blame_file/debug/manifest-merger-blame-debug-report.txt
1<?xml version="1.0" encoding="utf-8"?>
2<manifest xmlns:android="http://schemas.android.com/apk/res/android"
3    package="com.example.healthapplication"
4    android:versionCode="1"
5    android:versionName="1.0" >
6
7    <uses-sdk
8        android:minSdkVersion="21"
8-->src\main\AndroidManifest.xml
9        android:targetSdkVersion="32" />
9-->src\main\AndroidManifest.xml
10
11    <!-- Although the *SdkVersion is captured in gradle build files, this is required for non gradle builds -->
12    <!-- <uses-sdk android:minSdkVersion="14" /> -->
13    <uses-permission android:name="android.permission.ACCESS_NETWORK_STATE" />
13-->[com.google.firebase:firebase-firestore:24.1.0] AndroidManifest.xml:13:5-79
13-->[com.google.firebase:firebase-firestore:24.1.0] AndroidManifest.xml:13:22-76
14    <uses-permission android:name="android.permission.INTERNET" />
14-->[com.google.firebase:firebase-firestore:24.1.0] AndroidManifest.xml:14:5-67
14-->[com.google.firebase:firebase-firestore:24.1.0] AndroidManifest.xml:14:22-64
15
16    <application
16-->src\main\AndroidManifest.xml:5:5-30:19
17        android:allowBackup="true"
17-->src\main\AndroidManifest.xml:6:9-35
18        android:appComponentFactory="androidx.core.app.CoreComponentFactory"
18-->[androidx.core:core:1.5.0] AndroidManifest.xml:24:18-86
19        android:debuggable="true"
20        android:icon="@mipmap/ic_launcher"
20-->src\main\AndroidManifest.xml:7:9-43
21        android:label="@string/app_name"
21-->src\main\AndroidManifest.xml:8:9-41
22        android:roundIcon="@mipmap/ic_launcher_round"
22-->src\main\AndroidManifest.xml:9:9-54
23        android:supportsRtl="true"
23-->src\main\AndroidManifest.xml:10:9-35
24        android:testOnly="true"
25        android:theme="@style/Theme.HealthApplication" >
25-->src\main\AndroidManifest.xml:11:9-55
26        <activity
26-->src\main\AndroidManifest.xml:12:9-14:40
27            android:name="com.example.healthapplication.ChallengesActivity"
27-->src\main\AndroidManifest.xml:13:13-47
28            android:exported="false" />
28-->src\main\AndroidManifest.xml:14:13-37
29        <activity
29-->src\main\AndroidManifest.xml:15:9-17:40
30            android:name="com.example.healthapplication.UserQuestionsActivity"
30-->src\main\AndroidManifest.xml:16:13-50
31            android:exported="false" />
31-->src\main\AndroidManifest.xml:17:13-37
32        <activity
32-->src\main\AndroidManifest.xml:18:9-20:40
33            android:name="com.example.healthapplication.HomeScreenActivity"
33-->src\main\AndroidManifest.xml:19:13-47
34            android:exported="false" />
34-->src\main\AndroidManifest.xml:20:13-37
35        <activity
35-->src\main\AndroidManifest.xml:21:9-29:20
36            android:name="com.example.healthapplication.MainActivity"
36-->src\main\AndroidManifest.xml:22:13-41
37            android:exported="true" >
37-->src\main\AndroidManifest.xml:23:13-36
38            <intent-filter>
38-->src\main\AndroidManifest.xml:24:13-28:29
39                <action android:name="android.intent.action.MAIN" />
39-->src\main\AndroidManifest.xml:25:17-69
39-->src\main\AndroidManifest.xml:25:25-66
40
41                <category android:name="android.intent.category.LAUNCHER" />
41-->src\main\AndroidManifest.xml:27:17-77
41-->src\main\AndroidManifest.xml:27:27-74
42            </intent-filter>
43        </activity>
44        <activity
44-->[com.google.android.gms:play-services-auth:20.1.0] AndroidManifest.xml:23:9-27:75
45            android:name="com.google.android.gms.auth.api.signin.internal.SignInHubActivity"
45-->[com.google.android.gms:play-services-auth:20.1.0] AndroidManifest.xml:24:13-93
46            android:excludeFromRecents="true"
46-->[com.google.android.gms:play-services-auth:20.1.0] AndroidManifest.xml:25:13-46
47            android:exported="false"
47-->[com.google.android.gms:play-services-auth:20.1.0] AndroidManifest.xml:26:13-37
48            android:theme="@android:style/Theme.Translucent.NoTitleBar" />
48-->[com.google.android.gms:play-services-auth:20.1.0] AndroidManifest.xml:27:13-72
49        <!--
50            Service handling Google Sign-In user revocation. For apps that do not integrate with
51            Google Sign-In, this service will never be started.
52        -->
53        <service
53-->[com.google.android.gms:play-services-auth:20.1.0] AndroidManifest.xml:33:9-37:51
54            android:name="com.google.android.gms.auth.api.signin.RevocationBoundService"
54-->[com.google.android.gms:play-services-auth:20.1.0] AndroidManifest.xml:34:13-89
55            android:exported="true"
55-->[com.google.android.gms:play-services-auth:20.1.0] AndroidManifest.xml:35:13-36
56            android:permission="com.google.android.gms.auth.api.signin.permission.REVOCATION_NOTIFICATION"
56-->[com.google.android.gms:play-services-auth:20.1.0] AndroidManifest.xml:36:13-107
57            android:visibleToInstantApps="true" />
57-->[com.google.android.gms:play-services-auth:20.1.0] AndroidManifest.xml:37:13-48
58        <service
58-->[com.google.firebase:firebase-firestore:24.1.0] AndroidManifest.xml:17:9-23:19
59            android:name="com.google.firebase.components.ComponentDiscoveryService"
59-->[com.google.firebase:firebase-firestore:24.1.0] AndroidManifest.xml:18:13-84
60            android:directBootAware="true"
60-->[com.google.firebase:firebase-common:20.1.0] AndroidManifest.xml:35:13-43
61            android:exported="false" >
61-->[com.google.firebase:firebase-firestore:24.1.0] AndroidManifest.xml:19:13-37
62            <meta-data
62-->[com.google.firebase:firebase-firestore:24.1.0] AndroidManifest.xml:20:13-22:85
63                android:name="com.google.firebase.components:com.google.firebase.firestore.FirestoreRegistrar"
63-->[com.google.firebase:firebase-firestore:24.1.0] AndroidManifest.xml:21:17-111
64                android:value="com.google.firebase.components.ComponentRegistrar" />
64-->[com.google.firebase:firebase-firestore:24.1.0] AndroidManifest.xml:22:17-82
65        </service>
66
67        <provider
67-->[com.google.firebase:firebase-common:20.1.0] AndroidManifest.xml:26:9-31:39
68            android:name="com.google.firebase.provider.FirebaseInitProvider"
68-->[com.google.firebase:firebase-common:20.1.0] AndroidManifest.xml:27:13-77
69            android:authorities="com.example.healthapplication.firebaseinitprovider"
69-->[com.google.firebase:firebase-common:20.1.0] AndroidManifest.xml:28:13-72
70            android:directBootAware="true"
70-->[com.google.firebase:firebase-common:20.1.0] AndroidManifest.xml:29:13-43
71            android:exported="false"
71-->[com.google.firebase:firebase-common:20.1.0] AndroidManifest.xml:30:13-37
72            android:initOrder="100" />
72-->[com.google.firebase:firebase-common:20.1.0] AndroidManifest.xml:31:13-36
73
74        <activity
74-->[com.google.android.gms:play-services-base:18.0.1] AndroidManifest.xml:20:9-22:45
75            android:name="com.google.android.gms.common.api.GoogleApiActivity"
75-->[com.google.android.gms:play-services-base:18.0.1] AndroidManifest.xml:20:19-85
76            android:exported="false"
76-->[com.google.android.gms:play-services-base:18.0.1] AndroidManifest.xml:22:19-43
77            android:theme="@android:style/Theme.Translucent.NoTitleBar" />
77-->[com.google.android.gms:play-services-base:18.0.1] AndroidManifest.xml:21:19-78
78
79        <meta-data
79-->[com.google.android.gms:play-services-basement:18.0.0] AndroidManifest.xml:21:9-23:69
80            android:name="com.google.android.gms.version"
80-->[com.google.android.gms:play-services-basement:18.0.0] AndroidManifest.xml:22:13-58
81            android:value="@integer/google_play_services_version" />
81-->[com.google.android.gms:play-services-basement:18.0.0] AndroidManifest.xml:23:13-66
82    </application>
83
84</manifest>